
[1m
#####################################################################[m
  [1mtestssl.sh[m version [1m3.2.1[m from [1mhttps://testssl.sh/[m
[1m
  This program is free software. Distribution and modification under
  GPLv2 permitted. USAGE w/o ANY WARRANTY. USE IT AT YOUR OWN RISK![m

  Please file bugs @ [1mhttps://testssl.sh/bugs/[m
[1m#####################################################################[m

  Using [3mOpenSSL 3.5.2 (Aug 5 2025)[m  [~96 ciphers]
  on USFFHG6X7JH4:/opt/homebrew/opt/openssl@3/bin/openssl

[7m Start 2025-09-08 13:58:10        -->> 10.6.82.111:443 (ebs.comfort.com) <<--[m

 rDNS (10.6.82.111):     ebs.comfort.com.
 Service detected:       HTTP

[1m[4m Testing protocols [m[4mvia sockets except NPN+ALPN [m

[1m SSLv2      [m[1;32mnot offered (OK)[m
[1m SSLv3      [m[0;31moffered (NOT ok)[m
[1m TLS 1      [m[1;33moffered[m (deprecated)
[1m TLS 1.1    [m[1;33moffered[m (deprecated)
[1m TLS 1.2    [m[1;32moffered (OK)[m
[1m TLS 1.3    [mnot offered and downgraded to a weaker protocol
[1m NPN/SPDY   [mnot offered
[1m ALPN/HTTP2 [mnot offered

[1m[4m Testing cipher categories [m

[1m NULL ciphers (no encryption)                      [m[1;32mnot offered (OK)[m
[1m Anonymous NULL Ciphers (no authentication)        [m[1;31moffered (NOT ok)[m
[1m Export ciphers (w/o ADH+NULL)                     [m[1;31moffered (NOT ok)[m
[1m LOW: 64 Bit + DES, RC[2,4], MD5 (w/o export)      [m[0;31moffered (NOT ok)[m
[1m Triple DES Ciphers / IDEA                         [m[0;33moffered[m
[1m Obsoleted CBC ciphers (AES, ARIA etc.)            [m[1;33moffered[m
[1m Strong encryption (AEAD ciphers) with no FS       [m[0;32moffered (OK)[m
[1m Forward Secrecy strong encryption (AEAD ciphers)  [m[1;32moffered (OK)[m


[1m[4m Testing robust forward secrecy (FS)[m[4m -- omitting Null Authentication/Encryption, 3DES, RC4 [m

[0;32m FS is offered (OK) [m          ECDHE-RSA-AES256-GCM-SHA384
                              ECDHE-RSA-AES256-SHA384 ECDHE-RSA-AES256-SHA
                              DHE-RSA-AES256-GCM-SHA384 DHE-RSA-AES256-SHA256
                              DHE-RSA-AES256-SHA DHE-RSA-CAMELLIA256-SHA
                              ECDHE-RSA-AES128-GCM-SHA256
                              ECDHE-RSA-AES128-SHA256 ECDHE-RSA-AES128-SHA
                              DHE-RSA-AES128-GCM-SHA256 DHE-RSA-AES128-SHA256
                              DHE-RSA-AES128-SHA DHE-RSA-CAMELLIA128-SHA 
[1m Elliptic curves offered:     [m[0;32mprime256v1[m [0;32msecp384r1[m [0;32mX25519[m 
[1m Finite field group:          [m[0;32mffdhe2048 ffdhe3072 ffdhe4096[m
[1m TLS 1.2 sig_algs offered:    [mRSA+SHA256 RSA+SHA384 RSA+SHA512 [1;33mRSA+SHA1[m 

[1m[4m Testing vulnerabilities [m

[1m Heartbleed[m (CVE-2014-0160)                [1;32mnot vulnerable (OK)[m, no heartbeat extension
[1m CCS[m (CVE-2014-0224)                       [1;32mnot vulnerable (OK)[m
[1m Ticketbleed[m (CVE-2016-9244), experiment.  [1;32mnot vulnerable (OK)[m, no session ticket extension
[1m ROBOT                                     [m[1;32mnot vulnerable (OK)[m
[1m Secure Renegotiation (RFC 5746)           [m[1;32msupported (OK)[m
[1m Secure Client-Initiated Renegotiation     [m[0;32mnot vulnerable (OK)[m -- mitigated (disconnect after 6/10 attempts)
[1m CRIME, TLS [m(CVE-2012-4929)                [0;32mnot vulnerable (OK)[m
[1m BREACH[m (CVE-2013-3587)                    [0;32mno gzip/deflate/compress/br HTTP compression (OK) [m - only supplied "/" tested
[1m POODLE, SSL[m (CVE-2014-3566)               [0;31mVULNERABLE (NOT ok)[m, uses SSLv3+CBC (check TLS_FALLBACK_SCSV mitigation below)
[1m TLS_FALLBACK_SCSV[m (RFC 7507)              [0;32mProbably OK. [m[0;33mBut received non-RFC-compliant "handshake failure" instead of "inappropriate fallback"[m
[1m SWEET32[m (CVE-2016-2183, CVE-2016-6329)    [1;33mVULNERABLE[m, uses 64 bit block ciphers
[1m FREAK[m (CVE-2015-0204)                     [1;32mnot vulnerable (OK)[m
[1m DROWN[m (CVE-2016-0800, CVE-2016-0703)      [1;32mnot vulnerable on this host and port (OK)[m
                                           make sure you don't use this certificate elsewhere with SSLv2 enabled services, see
                                           https://search.censys.io/search?resource=hosts&virtual_hosts=INCLUDE&q=B7430636AD0E947B4595988CF49F6E040BDD72C7060ABFFB2D938879E27EE864
[1m LOGJAM[m (CVE-2015-4000), experimental      common prime with 2048 bits detected: [3mRFC7919/ffdhe2048[m ([0;32m2048 bits[m),
                                           but no DH EXPORT ciphers
[1m BEAST[m (CVE-2011-3389)                     SSL3: [1;33mADH-AES128-SHA ADH-AES256-SHA
                                                 DES-CBC3-SHA
                                                 EDH-RSA-DES-CBC3-SHA
                                                 ADH-DES-CBC3-SHA
                                                 EDH-RSA-DES-CBC-SHA
                                                 DES-CBC-SHA ADH-DES-CBC-SHA
                                                 EXP1024-DES-CBC-SHA
                                                 EXP-DES-CBC-SHA AES128-SHA
                                                 AES256-SHA DHE-RSA-AES128-SHA
                                                 DHE-RSA-AES256-SHA [m
                                           TLS1: [1;33mECDHE-RSA-AES128-SHA
                                                 ECDHE-RSA-AES256-SHA
                                                 AES128-SHA AES256-SHA
                                                 CAMELLIA128-SHA
                                                 CAMELLIA256-SHA
                                                 DHE-RSA-AES128-SHA
                                                 DHE-RSA-AES256-SHA
                                                 DHE-RSA-CAMELLIA128-SHA
                                                 DHE-RSA-CAMELLIA256-SHA [m
                                           [1;33mVULNERABLE[m -- but also supports higher protocols  TLSv1.1 TLSv1.2 (likely mitigated)
[1m LUCKY13[m (CVE-2013-0169), experimental     potentially [1;33mVULNERABLE[m, uses cipher block chaining (CBC) ciphers with TLS. Check patches
[1m Winshock[m (CVE-2014-6321), experimental    [1;32mnot vulnerable (OK)[m - CAMELLIA or ECDHE_RSA GCM ciphers found
[1m RC4[m (CVE-2013-2566, CVE-2015-2808)        [0;31mVULNERABLE (NOT ok): [m[0;31mADH-RC4-MD5
                                                                RC4-SHA RC4-MD5
                                                                EXP1024-RC4-SHA
                                                                EXP-RC4-MD5 [m


[1m[4m Testing ciphers per protocol via OpenSSL plus sockets against the server, ordered by encryption strength [m

Hexcode  Cipher Suite Name (OpenSSL)       KeyExch.   Encryption  Bits     Cipher Suite Name (IANA/RFC)
-----------------------------------------------------------------------------------------------------------------------------
[4mSSLv2[m
 - 
[4mSSLv3[m
 x39     DHE-RSA-AES256-SHA                DH[0;32m 2048[m    AES         256      TLS_DHE_RSA_WITH_AES_256_CBC_SHA                   
 x3a     ADH-AES256-SHA                    DH[0;32m 2048[m    AES         256      TLS_DH_anon_WITH_AES_256_CBC_SHA                   
 x35     AES256-SHA                        RSA        AES         256      TLS_RSA_WITH_AES_256_CBC_SHA                       
 x33     DHE-RSA-AES128-SHA                DH[0;32m 2048[m    AES         128      TLS_DHE_RSA_WITH_AES_128_CBC_SHA                   
 x34     ADH-AES128-SHA                    DH[0;32m 2048[m    AES         128      TLS_DH_anon_WITH_AES_128_CBC_SHA                   
 x2f     AES128-SHA                        RSA        AES         128      TLS_RSA_WITH_AES_128_CBC_SHA                       
 x18     ADH-RC4-MD5                       DH[0;32m 2048[m    RC4         128      TLS_DH_anon_WITH_RC4_128_MD5                       
 x05     RC4-SHA                           RSA        RC4         128      TLS_RSA_WITH_RC4_128_SHA                           
 x04     RC4-MD5                           RSA        RC4         128      TLS_RSA_WITH_RC4_128_MD5                           
 x16     EDH-RSA-DES-CBC3-SHA              DH[0;32m 2048[m    3DES        168      TLS_DHE_RSA_WITH_3DES_EDE_CBC_SHA                  
 x1b     ADH-DES-CBC3-SHA                  DH[0;32m 2048[m    3DES        168      TLS_DH_anon_WITH_3DES_EDE_CBC_SHA                  
 x0a     DES-CBC3-SHA                      RSA        3DES        168      TLS_RSA_WITH_3DES_EDE_CBC_SHA                      
 x15     EDH-RSA-DES-CBC-SHA               DH[0;32m 2048[m    DES         56       TLS_DHE_RSA_WITH_DES_CBC_SHA                       
 x1a     ADH-DES-CBC-SHA                   DH[0;32m 2048[m    DES         56       TLS_DH_anon_WITH_DES_CBC_SHA                       
 x62     EXP1024-DES-CBC-SHA               RSA(1024)  DES         56,exp   TLS_RSA_EXPORT1024_WITH_DES_CBC_SHA                
 x09     DES-CBC-SHA                       RSA        DES         56       TLS_RSA_WITH_DES_CBC_SHA                           
 x64     EXP1024-RC4-SHA                   RSA(1024)  RC4         56,exp   TLS_RSA_EXPORT1024_WITH_RC4_56_SHA                 
 x08     EXP-DES-CBC-SHA                   RSA(512)   DES         40,exp   TLS_RSA_EXPORT_WITH_DES40_CBC_SHA                  
 x03     EXP-RC4-MD5                       RSA(512)   RC4         40,exp   TLS_RSA_EXPORT_WITH_RC4_40_MD5                     
[4mTLS 1[m
 xc014   ECDHE-RSA-AES256-SHA              ECDH[0;32m 256[m   AES         256      TLS_ECDHE_RSA_WITH_AES_256_CBC_SHA                 
 x39     DHE-RSA-AES256-SHA                DH[0;32m 2048[m    AES         256      TLS_DHE_RSA_WITH_AES_256_CBC_SHA                   
 x88     DHE-RSA-CAMELLIA256-SHA           DH[0;32m 2048[m    Camellia    256      TLS_DHE_RSA_WITH_CAMELLIA_256_CBC_SHA              
 x35     AES256-SHA                        RSA        AES         256      TLS_RSA_WITH_AES_256_CBC_SHA                       
 x84     CAMELLIA256-SHA                   RSA        Camellia    256      TLS_RSA_WITH_CAMELLIA_256_CBC_SHA                  
 xc013   ECDHE-RSA-AES128-SHA              ECDH[0;32m 256[m   AES         128      TLS_ECDHE_RSA_WITH_AES_128_CBC_SHA                 
 x33     DHE-RSA-AES128-SHA                DH[0;32m 2048[m    AES         128      TLS_DHE_RSA_WITH_AES_128_CBC_SHA                   
 x45     DHE-RSA-CAMELLIA128-SHA           DH[0;32m 2048[m    Camellia    128      TLS_DHE_RSA_WITH_CAMELLIA_128_CBC_SHA              
 x2f     AES128-SHA                        RSA        AES         128      TLS_RSA_WITH_AES_128_CBC_SHA                       
 x41     CAMELLIA128-SHA                   RSA        Camellia    128      TLS_RSA_WITH_CAMELLIA_128_CBC_SHA                  
[4mTLS 1.1[m
 xc014   ECDHE-RSA-AES256-SHA              ECDH[0;32m 256[m   AES         256      TLS_ECDHE_RSA_WITH_AES_256_CBC_SHA                 
 x39     DHE-RSA-AES256-SHA                DH[0;32m 2048[m    AES         256      TLS_DHE_RSA_WITH_AES_256_CBC_SHA                   
 x88     DHE-RSA-CAMELLIA256-SHA           DH[0;32m 2048[m    Camellia    256      TLS_DHE_RSA_WITH_CAMELLIA_256_CBC_SHA              
 x35     AES256-SHA                        RSA        AES         256      TLS_RSA_WITH_AES_256_CBC_SHA                       
 x84     CAMELLIA256-SHA                   RSA        Camellia    256      TLS_RSA_WITH_CAMELLIA_256_CBC_SHA                  
 xc013   ECDHE-RSA-AES128-SHA              ECDH[0;32m 256[m   AES         128      TLS_ECDHE_RSA_WITH_AES_128_CBC_SHA                 
 x33     DHE-RSA-AES128-SHA                DH[0;32m 2048[m    AES         128      TLS_DHE_RSA_WITH_AES_128_CBC_SHA                   
 x45     DHE-RSA-CAMELLIA128-SHA           DH[0;32m 2048[m    Camellia    128      TLS_DHE_RSA_WITH_CAMELLIA_128_CBC_SHA              
 x2f     AES128-SHA                        RSA        AES         128      TLS_RSA_WITH_AES_128_CBC_SHA                       
 x41     CAMELLIA128-SHA                   RSA        Camellia    128      TLS_RSA_WITH_CAMELLIA_128_CBC_SHA                  
[4mTLS 1.2[m
 xc030   ECDHE-RSA-AES256-GCM-SHA384       ECDH[0;32m 256[m   AESGCM      256      TLS_ECDHE_RSA_WITH_AES_256_GCM_SHA384              
 xc028   ECDHE-RSA-AES256-SHA384           ECDH[0;32m 256[m   AES         256      TLS_ECDHE_RSA_WITH_AES_256_CBC_SHA384              
 xc014   ECDHE-RSA-AES256-SHA              ECDH[0;32m 256[m   AES         256      TLS_ECDHE_RSA_WITH_AES_256_CBC_SHA                 
 x9f     DHE-RSA-AES256-GCM-SHA384         DH[0;32m 2048[m    AESGCM      256      TLS_DHE_RSA_WITH_AES_256_GCM_SHA384                
 x6b     DHE-RSA-AES256-SHA256             DH[0;32m 2048[m    AES         256      TLS_DHE_RSA_WITH_AES_256_CBC_SHA256                
 x39     DHE-RSA-AES256-SHA                DH[0;32m 2048[m    AES         256      TLS_DHE_RSA_WITH_AES_256_CBC_SHA                   
 x88     DHE-RSA-CAMELLIA256-SHA           DH[0;32m 2048[m    Camellia    256      TLS_DHE_RSA_WITH_CAMELLIA_256_CBC_SHA              
 x9d     AES256-GCM-SHA384                 RSA        AESGCM      256      TLS_RSA_WITH_AES_256_GCM_SHA384                    
 x3d     AES256-SHA256                     RSA        AES         256      TLS_RSA_WITH_AES_256_CBC_SHA256                    
 x35     AES256-SHA                        RSA        AES         256      TLS_RSA_WITH_AES_256_CBC_SHA                       
 x84     CAMELLIA256-SHA                   RSA        Camellia    256      TLS_RSA_WITH_CAMELLIA_256_CBC_SHA                  
 xc02f   ECDHE-RSA-AES128-GCM-SHA256       ECDH[0;32m 256[m   AESGCM      128      TLS_ECDHE_RSA_WITH_AES_128_GCM_SHA256              
 xc027   ECDHE-RSA-AES128-SHA256           ECDH[0;32m 256[m   AES         128      TLS_ECDHE_RSA_WITH_AES_128_CBC_SHA256              
 xc013   ECDHE-RSA-AES128-SHA              ECDH[0;32m 256[m   AES         128      TLS_ECDHE_RSA_WITH_AES_128_CBC_SHA                 
 x9e     DHE-RSA-AES128-GCM-SHA256         DH[0;32m 2048[m    AESGCM      128      TLS_DHE_RSA_WITH_AES_128_GCM_SHA256                
 x67     DHE-RSA-AES128-SHA256             DH[0;32m 2048[m    AES         128      TLS_DHE_RSA_WITH_AES_128_CBC_SHA256                
 x33     DHE-RSA-AES128-SHA                DH[0;32m 2048[m    AES         128      TLS_DHE_RSA_WITH_AES_128_CBC_SHA                   
 x45     DHE-RSA-CAMELLIA128-SHA           DH[0;32m 2048[m    Camellia    128      TLS_DHE_RSA_WITH_CAMELLIA_128_CBC_SHA              
 x9c     AES128-GCM-SHA256                 RSA        AESGCM      128      TLS_RSA_WITH_AES_128_GCM_SHA256                    
 x3c     AES128-SHA256                     RSA        AES         128      TLS_RSA_WITH_AES_128_CBC_SHA256                    
 x2f     AES128-SHA                        RSA        AES         128      TLS_RSA_WITH_AES_128_CBC_SHA                       
 x41     CAMELLIA128-SHA                   RSA        Camellia    128      TLS_RSA_WITH_CAMELLIA_128_CBC_SHA                  
[4mTLS 1.3[m
 - 

[7m Done 2025-09-08 14:00:35 [0149s] -->> 10.6.82.111:443 (ebs.comfort.com) <<--[m


