
[1m
#####################################################################[m
  [1mtestssl.sh[m version [1m3.2.1[m from [1mhttps://testssl.sh/[m
[1m
  This program is free software. Distribution and modification under
  GPLv2 permitted. USAGE w/o ANY WARRANTY. USE IT AT YOUR OWN RISK![m

  Please file bugs @ [1mhttps://testssl.sh/bugs/[m
[1m#####################################################################[m

  Using [3mOpenSSL 3.5.2 (Aug 5 2025)[m  [~96 ciphers]
  on USFFHG6X7JH4:/opt/homebrew/opt/openssl@3/bin/openssl

[7m Start 2025-09-08 13:59:51        -->> 10.7.100.39:443 (ebstst1.comfort.com) <<--[m

 rDNS (10.7.100.39):     ebstst1.comfort.com.
 Service detected:       HTTP

[1m[4m Testing protocols [m[4mvia sockets except NPN+ALPN [m

[1m SSLv2      [m[1;32mnot offered (OK)[m
[1m SSLv3      [m[1;32mnot offered (OK)[m
[1m TLS 1      [m[1;33moffered[m (deprecated)
[1m TLS 1.1    [m[1;33moffered[m (deprecated)
[1m TLS 1.2    [m[1;32moffered (OK)[m
[1m TLS 1.3    [mnot offered and downgraded to a weaker protocol
[1m NPN/SPDY   [mnot offered
[1m ALPN/HTTP2 [mnot offered

[1m[4m Testing cipher categories [m

[1m NULL ciphers (no encryption)                      [m[1;32mnot offered (OK)[m
[1m Anonymous NULL Ciphers (no authentication)        [m[1;31moffered (NOT ok)[m
[1m Export ciphers (w/o ADH+NULL)                     [m[1;32mnot offered (OK)[m
[1m LOW: 64 Bit + DES, RC[2,4], MD5 (w/o export)      [m[0;31moffered (NOT ok)[m
[1m Triple DES Ciphers / IDEA                         [m[0;33moffered[m
[1m Obsoleted CBC ciphers (AES, ARIA etc.)            [m[1;33moffered[m
[1m Strong encryption (AEAD ciphers) with no FS       [m[0;32moffered (OK)[m
[1m Forward Secrecy strong encryption (AEAD ciphers)  [m[1;32moffered (OK)[m


[1m[4m Testing robust forward secrecy (FS)[m[4m -- omitting Null Authentication/Encryption, 3DES, RC4 [m

[0;32m FS is offered (OK) [m          ECDHE-RSA-AES256-GCM-SHA384
                              ECDHE-RSA-AES256-SHA384 ECDHE-RSA-AES256-SHA
                              DHE-RSA-AES256-GCM-SHA384
                              ECDHE-RSA-CHACHA20-POLY1305 DHE-RSA-AES256-CCM8
                              DHE-RSA-AES256-CCM DHE-RSA-AES256-SHA256
                              DHE-RSA-AES256-SHA DHE-RSA-CAMELLIA256-SHA
                              ECDHE-RSA-AES128-GCM-SHA256
                              ECDHE-RSA-AES128-SHA256 ECDHE-RSA-AES128-SHA
                              DHE-RSA-AES128-GCM-SHA256 DHE-RSA-AES128-CCM8
                              DHE-RSA-AES128-CCM DHE-RSA-AES128-SHA256
                              DHE-RSA-AES128-SHA DHE-RSA-CAMELLIA128-SHA 
[1m Elliptic curves offered:     [m[0;32mprime256v1[m [0;32msecp384r1[m [0;32mX25519[m 
[1m Finite field group:          [m[0;32mffdhe2048 ffdhe3072 ffdhe4096[m
[1m TLS 1.2 sig_algs offered:    [mRSA+SHA256 RSA+SHA384 RSA+SHA512 [1;33mRSA+SHA1[m 

[1m[4m Testing vulnerabilities [m

[1m Heartbleed[m (CVE-2014-0160)                [1;32mnot vulnerable (OK)[m, no heartbeat extension
[1m CCS[m (CVE-2014-0224)                       [1;32mnot vulnerable (OK)[m
[1m Ticketbleed[m (CVE-2016-9244), experiment.  [1;32mnot vulnerable (OK)[m, no session ticket extension
[1m ROBOT                                     [m[1;32mnot vulnerable (OK)[m
[1m Secure Renegotiation (RFC 5746)           [m[1;32msupported (OK)[m
[1m Secure Client-Initiated Renegotiation     [m[0;32mnot vulnerable (OK)[m -- mitigated (disconnect after 6/10 attempts)
[1m CRIME, TLS [m(CVE-2012-4929)                [0;32mnot vulnerable (OK)[m
[1m BREACH[m (CVE-2013-3587)                    [0;32mno gzip/deflate/compress/br HTTP compression (OK) [m - only supplied "/" tested
[1m POODLE, SSL[m (CVE-2014-3566)               [1;32mnot vulnerable (OK)[m, no SSLv3 support
[1m TLS_FALLBACK_SCSV[m (RFC 7507)              [0;32mProbably OK. [m[0;33mBut received non-RFC-compliant "handshake failure" instead of "inappropriate fallback"[m
[1m SWEET32[m (CVE-2016-2183, CVE-2016-6329)    [1;33mVULNERABLE[m, uses 64 bit block ciphers
[1m FREAK[m (CVE-2015-0204)                     [1;32mnot vulnerable (OK)[m
[1m DROWN[m (CVE-2016-0800, CVE-2016-0703)      [1;32mnot vulnerable on this host and port (OK)[m
                                           make sure you don't use this certificate elsewhere with SSLv2 enabled services, see
                                           https://search.censys.io/search?resource=hosts&virtual_hosts=INCLUDE&q=E15D494495EC427AE8F0629393C78B2AE9B0066897DD28A98D97BB6869EDE575
[1m LOGJAM[m (CVE-2015-4000), experimental      common prime with 2048 bits detected: [3mRFC7919/ffdhe2048[m ([0;32m2048 bits[m),
                                           but no DH EXPORT ciphers
[1m BEAST[m (CVE-2011-3389)                     TLS1: [1;33mECDHE-RSA-AES128-SHA
                                                 ECDHE-RSA-AES256-SHA
                                                 AES128-SHA AES256-SHA
                                                 CAMELLIA128-SHA
                                                 CAMELLIA256-SHA
                                                 DHE-RSA-AES128-SHA
                                                 DHE-RSA-AES256-SHA
                                                 DHE-RSA-CAMELLIA128-SHA
                                                 DHE-RSA-CAMELLIA256-SHA [m
                                           [1;33mVULNERABLE[m -- but also supports higher protocols  TLSv1.1 TLSv1.2 (likely mitigated)
[1m LUCKY13[m (CVE-2013-0169), experimental     potentially [1;33mVULNERABLE[m, uses cipher block chaining (CBC) ciphers with TLS. Check patches
[1m Winshock[m (CVE-2014-6321), experimental    [1;32mnot vulnerable (OK)[m - ARIA, CHACHA or CCM ciphers found
[1m RC4[m (CVE-2013-2566, CVE-2015-2808)        