
[1m
#####################################################################[m
  [1mtestssl.sh[m version [1m3.2.1[m from [1mhttps://testssl.sh/[m
[1m
  This program is free software. Distribution and modification under
  GPLv2 permitted. USAGE w/o ANY WARRANTY. USE IT AT YOUR OWN RISK![m

  Please file bugs @ [1mhttps://testssl.sh/bugs/[m
[1m#####################################################################[m

  Using [3mOpenSSL 3.5.2 (Aug 5 2025)[m  [~96 ciphers]
  on USFFHG6X7JH4:/opt/homebrew/opt/openssl@3/bin/openssl

[7m Start 2025-09-08 14:00:25        -->> 10.7.82.213:3389 (mcastg1app01) <<--[m

 rDNS (10.7.82.213):     mcastg1app01.comfort.com.
 Service detected:       Couldn't determine what's running on port 3389, assuming no HTTP service => skipping all HTTP checks

[1m[4m Testing protocols [m[4mvia sockets except NPN+ALPN [m

[1m SSLv2      [m[1;32mnot offered (OK)[m
[1m SSLv3      [m[1;32mnot offered (OK)[m
[1m TLS 1      [m[1;33moffered[m (deprecated)
[1m TLS 1.1    [m[1;33moffered[m (deprecated)
[1m TLS 1.2    [m[1;32moffered (OK)[m
[1m TLS 1.3    [mnot offered and downgraded to a weaker protocol
[1m NPN/SPDY   [mnot offered
[1m ALPN/HTTP2 [mnot offered

[1m[4m Testing cipher categories [m

[1m NULL ciphers (no encryption)                      [m[1;32mnot offered (OK)[m
[1m Anonymous NULL Ciphers (no authentication)        [m[1;32mnot offered (OK)[m
[1m Export ciphers (w/o ADH+NULL)                     [m[1;32mnot offered (OK)[m
[1m LOW: 64 Bit + DES, RC[2,4], MD5 (w/o export)      [m[0;32mnot offered (OK)[m
[1m Triple DES Ciphers / IDEA                         [m[0;33moffered[m
[1m Obsoleted CBC ciphers (AES, ARIA etc.)            [m[1;33moffered[m
[1m Strong encryption (AEAD ciphers) with no FS       [m[0;32moffered (OK)[m
[1m Forward Secrecy strong encryption (AEAD ciphers)  [m[1;32moffered (OK)[m


[1m[4m Testing robust forward secrecy (FS)[m[4m -- omitting Null Authentication/Encryption, 3DES, RC4 [m

[0;32m FS is offered (OK) [m          ECDHE-RSA-AES256-GCM-SHA384
                              ECDHE-RSA-AES256-SHA384 ECDHE-RSA-AES256-SHA
                              DHE-RSA-AES256-GCM-SHA384
                              ECDHE-RSA-AES128-GCM-SHA256
                              ECDHE-RSA-AES128-SHA256 ECDHE-RSA-AES128-SHA
                              DHE-RSA-AES128-GCM-SHA256 
[1m Elliptic curves offered:     [m[0;32mprime256v1[m [0;32msecp384r1[m [0;32mX25519[m 
[1m DH group offered:            [m[0;32mffdhe2048[m
[1m TLS 1.2 sig_algs offered:    [mRSA+SHA256 RSA+SHA384 RSA+SHA512 [1;33mRSA+SHA1[m 

[1m[4m Testing vulnerabilities [m

[1m Heartbleed[m (CVE-2014-0160)                [1;32mnot vulnerable (OK)[m, no heartbeat extension
[1m CCS[m (CVE-2014-0224)                       [1;32mnot vulnerable (OK)[m
[1m Ticketbleed[m (CVE-2016-9244), experiment.  (applicable only for HTTPS)
[1m ROBOT                                     [m